<?xml version="1.0" ?>
<!DOCTYPE coverage SYSTEM "http://cobertura.sourceforge.net/xml/coverage-04.dtd">
<coverage lines-valid="1"  lines-covered="1"  line-rate="1"  branches-valid="0"  branches-covered="0"  branch-rate="1"  timestamp="1400464504408" complexity="0" version="0.1">
<sources>
	<source>C:\Users\DiulleiGomes\Documents\GitHub\ts-boilerplate</source>
</sources>
<packages>
	<package name="bin"  line-rate="1"  branch-rate="1" >
	<classes>
		<class name="_reference.js"  filename="bin\_reference.js"  line-rate="1"  branch-rate="1" >
		<methods>
		</methods>
		<lines>
		</lines>
		</class>
		<class name="main.js"  filename="bin\main.js"  line-rate="1"  branch-rate="1" >
		<methods>
		</methods>
		<lines>
			<line number="1"  hits="1"  branch="false" />
		</lines>
		</class>
	</classes>
	</package>
</packages>
</coverage>
